<?xml version="1.0" encoding="UTF-8"?>
<!-- Generated by org.testng.reporters.JUnitReportReporter -->
<testsuite skipped="1" hostname="rajnichauhan" name="TestCases.CreateAccountTest" tests="1" failures="0" timestamp="21 Apr 2021 07:31:06 GMT" time="0.000" errors="0">
  <testcase name="createAccount" time="0.000" classname="TestCases.CreateAccountTest">
    <skipped/>
  </testcase> <!-- createAccount -->
</testsuite> <!-- TestCases.CreateAccountTest -->
