<?xml version="1.0" encoding="UTF-8"?>
<!-- Generated by org.testng.reporters.JUnitReportReporter -->
<testsuite skipped="0" hostname="rajnichauhan" name="TestCases.validatemenuItemsTest" tests="7" failures="0" timestamp="05 Jan 2021 17:52:04 GMT" time="56.570" errors="0">
  <testcase name="validatemenuItemFindaClass" time="0.066" classname="TestCases.validatemenuItemsTest"/>
  <testcase name="clickmenuClick" time="56.165" classname="TestCases.validatemenuItemsTest"/>
  <testcase name="validatemenuItemTrainwithus" time="0.065" classname="TestCases.validatemenuItemsTest"/>
  <testcase name="validatemenuItemCorporate" time="0.076" classname="TestCases.validatemenuItemsTest"/>
  <testcase name="validatemenuItemFindagym" time="0.042" classname="TestCases.validatemenuItemsTest"/>
  <testcase name="validatemenuItemKidsnFamily" time="0.061" classname="TestCases.validatemenuItemsTest"/>
  <testcase name="validatemenuItemourDifference" time="0.095" classname="TestCases.validatemenuItemsTest"/>
</testsuite> <!-- TestCases.validatemenuItemsTest -->
