<?xml version="1.0" encoding="UTF-8"?>
<!-- Generated by org.testng.reporters.JUnitReportReporter -->
<testsuite skipped="6" hostname="rajnichauhan" name="TestCases.HomePageTest" tests="7" failures="0" timestamp="21 Apr 2021 07:32:14 GMT" time="0.010" errors="1">
  <testcase name="validateBSCregion" time="0.000" classname="TestCases.HomePageTest">
    <skipped/>
  </testcase> <!-- validateBSCregion -->
  <testcase name="validatePSCregion" time="0.000" classname="TestCases.HomePageTest">
    <skipped/>
  </testcase> <!-- validatePSCregion -->
  <testcase name="validateWSCregion" time="0.000" classname="TestCases.HomePageTest">
    <skipped/>
  </testcase> <!-- validateWSCregion -->
  <testcase name="validateTitle" time="0.000" classname="TestCases.HomePageTest">
    <skipped/>
  </testcase> <!-- validateTitle -->
  <testcase name="validateJoinTodaybtn" time="0.000" classname="TestCases.HomePageTest">
    <skipped/>
  </testcase> <!-- validateJoinTodaybtn -->
  <testcase name="validateSignInbtn" time="0.000" classname="TestCases.HomePageTest">
    <skipped/>
  </testcase> <!-- validateSignInbtn -->
  <testcase name="openwebsite" time="0.010" classname="TestCases.HomePageTest">
    <error type="java.lang.NullPointerException">
      <![CDATA[java.lang.NullPointerException
	at TestCases.HomePageTest.openwebsite(HomePageTest.java:39)
	at sun.reflect.NativeMethodAccessorImpl.invoke0(Native Method)
	at sun.reflect.NativeMethodAccessorImpl.invoke(Unknown Source)
	at sun.reflect.DelegatingMethodAccessorImpl.invoke(Unknown Source)
	at java.lang.reflect.Method.invoke(Unknown Source)
	at org.testng.internal.MethodInvocationHelper.invokeMethod(MethodInvocationHelper.java:108)
	at org.testng.internal.Invoker.invokeConfigurationMethod(Invoker.java:523)
	at org.testng.internal.Invoker.invokeConfigurations(Invoker.java:224)
	at org.testng.internal.Invoker.invokeConfigurations(Invoker.java:146)
	at org.testng.TestRunner.beforeRun(TestRunner.java:626)
	at org.testng.TestRunner.run(TestRunner.java:594)
	at org.testng.SuiteRunner.runTest(SuiteRunner.java:380)
	at org.testng.SuiteRunner.runSequentially(SuiteRunner.java:375)
	at org.testng.SuiteRunner.privateRun(SuiteRunner.java:340)
	at org.testng.SuiteRunner.run(SuiteRunner.java:289)
	at org.testng.SuiteRunnerWorker.runSuite(SuiteRunnerWorker.java:52)
	at org.testng.SuiteRunnerWorker.run(SuiteRunnerWorker.java:86)
	at org.testng.TestNG.runSuitesSequentially(TestNG.java:1301)
	at org.testng.TestNG.runSuitesLocally(TestNG.java:1226)
	at org.testng.TestNG.runSuites(TestNG.java:1144)
	at org.testng.TestNG.run(TestNG.java:1115)
	at org.testng.remote.AbstractRemoteTestNG.run(AbstractRemoteTestNG.java:132)
	at org.testng.remote.RemoteTestNG.initAndRun(RemoteTestNG.java:230)
	at org.testng.remote.RemoteTestNG.main(RemoteTestNG.java:76)
]]>
    </error>
  </testcase> <!-- openwebsite -->
</testsuite> <!-- TestCases.HomePageTest -->
